0 info it worked if it ends with ok
1 verbose cli [ 'C:\\Program Files\\nodejs\\node.exe',
1 verbose cli   'C:\\Program Files\\nodejs\\node_modules\\npm\\bin\\npm-cli.js',
1 verbose cli   'test' ]
2 info using npm@3.10.8
3 info using node@v7.0.0
4 verbose run-script [ 'pretest', 'test', 'posttest' ]
5 info lifecycle karma-mocha-chai-sinon-starter@1.0.0~pretest: karma-mocha-chai-sinon-starter@1.0.0
6 silly lifecycle karma-mocha-chai-sinon-starter@1.0.0~pretest: no script for pretest, continuing
7 info lifecycle karma-mocha-chai-sinon-starter@1.0.0~test: karma-mocha-chai-sinon-starter@1.0.0
8 verbose lifecycle karma-mocha-chai-sinon-starter@1.0.0~test: unsafe-perm in lifecycle true
9 verbose lifecycle karma-mocha-chai-sinon-starter@1.0.0~test: PATH: C:\Users\pedro.barros\AppData\Roaming\nvm\v7.0.0\node_modules\npm\bin\node-gyp-bin;C:\Users\pedro.barros\karma-mocha-chai-sinon-starter\node_modules\.bin;C:\Users\pedro.barros\Downloads\cmder\bin;C:\Users\pedro.barros\Downloads\cmder\vendor\conemu-maximus5\ConEmu\Scripts;C:\Users\pedro.barros\Downloads\cmder\vendor\conemu-maximus5;C:\Users\pedro.barros\Downloads\cmder\vendor\conemu-maximus5\ConEmu;C:\ProgramData\Oracle\Java\javapath;C:\WINDOWS\system32;C:\WINDOWS;C:\WINDOWS\System32\Wbem;C:\WINDOWS\System32\WindowsPowerShell\v1.0\;C:\Program Files\Git\cmd;C:\Program Files\Git\mingw64\bin;C:\Program Files\Git\usr\bin;C:\Users\pedro.barros\AppData\Roaming\nvm;C:\Program Files\nodejs;C:\Program Files\Microsoft SQL Server\120\Tools\Binn\;C:\Program Files\Microsoft SQL Server\Client SDK\ODBC\110\Tools\Binn\;C:\Program Files (x86)\Microsoft SQL Server\120\Tools\Binn\ManagementStudio\;C:\Program Files (x86)\Microsoft SQL Server\120\Tools\Binn\;C:\Program Files (x86)\Microsoft SQL Server\120\DTS\Binn\;C:\Program Files\Microsoft SQL Server\120\DTS\Binn\;C:\Program Files (x86)\Skype\Phone\;C:\Program Files (x86)\Microsoft Emulator Manager\1.0\;C:\Program Files (x86)\nodejs\;C:\Program Files (x86)\Windows Kits\10\Windows Performance Toolkit\;C:\Program Files\MongoDB\Server\3.2\bin;C:\Program Files (x86)\Heroku\bin;C:\Program Files (x86)\git\cmd;C:\Program Files (x86)\Git\cmd;C:\Program Files\PostgreSQL\9.6\bin;C:\xampp\php;C:\ProgramData\ComposerSetup\bin;C:\Program Files\erl8.0\bin;C:\ProgramData\chocolatey\bin;C:\Users\pedro.barros\AppData\Local\Programs\Python\Python35\python.exe;C:\Program Files (x86)\PuTTY\;C:\Program Files\Microsoft DNX\Dnvm\;C:\Program Files\dotnet\;C:\Users\pedro.barros\AppData\Local\Continuum\Anaconda3;C:\Users\pedro.barros\AppData\Local\Continuum\Anaconda3\Scripts;C:\Users\pedro.barros\AppData\Local\Continuum\Anaconda3\Library\bin;C:\Program Files (x86)\Microsoft VS Code\bin;C:\Users\pedro.barros\AppData\Roaming\npm;C:\Users\pedro.barros\AppData\Local\Microsoft\WindowsApps;C:\Users\pedro.barros\AppData\Local\atom\bin;C:\Users\pedro.barros\AppData\Roaming\Composer\vendor\bin;C:\Program Files\apache-maven-3.3.9\bin;C:\Program Files\apache-tomcat-7.0.75\bin;C:\Program Files\gradle-3.4.1\bin;C:\Program Files\Git\usr\bin;C:\Program Files\Git\usr\share\vim\vim74;C:\Users\pedro.barros\Downloads\cmder\
10 verbose lifecycle karma-mocha-chai-sinon-starter@1.0.0~test: CWD: C:\Users\pedro.barros\karma-mocha-chai-sinon-starter
11 silly lifecycle karma-mocha-chai-sinon-starter@1.0.0~test: Args: [ '/d /s /c', 'karma start' ]
12 silly lifecycle karma-mocha-chai-sinon-starter@1.0.0~test: Returned: code: 3221225786  signal: null
13 info lifecycle karma-mocha-chai-sinon-starter@1.0.0~test: Failed to exec test script
14 error Test failed.  See above for more details.
15 verbose exit [ 1, true ]
16 verbose stack Error: kill ENOSYS
16 verbose stack     at exports._errnoException (util.js:1026:11)
16 verbose stack     at process.kill (internal/process.js:173:13)
16 verbose stack     at process.listener (C:\Users\pedro.barros\AppData\Roaming\nvm\v7.0.0\node_modules\npm\node_modules\npmlog\node_modules\gauge\node_modules\signal-exit\index.js:86:15)
16 verbose stack     at emitNone (events.js:91:20)
16 verbose stack     at process.emit (events.js:185:7)
16 verbose stack     at processEmit (C:\Users\pedro.barros\AppData\Roaming\nvm\v7.0.0\node_modules\npm\node_modules\npmlog\node_modules\gauge\node_modules\signal-exit\index.js:146:32)
16 verbose stack     at processEmit (C:\Users\pedro.barros\AppData\Roaming\nvm\v7.0.0\node_modules\npm\node_modules\npm-registry-client\node_modules\npmlog\node_modules\gauge\node_modules\signal-exit\index.js:146:32)
16 verbose stack     at Signal.wrap.onsignal (internal/process.js:200:44)
17 verbose cwd C:\Users\pedro.barros\karma-mocha-chai-sinon-starter
18 error Windows_NT 10.0.14393
19 error argv "C:\\Program Files\\nodejs\\node.exe" "C:\\Program Files\\nodejs\\node_modules\\npm\\bin\\npm-cli.js" "test"
20 error node v7.0.0
21 error npm  v3.10.8
22 error code ENOSYS
23 error errno ENOSYS
24 error syscall kill
25 error kill ENOSYS
26 error If you need help, you may report this error at:
26 error     <https://github.com/npm/npm/issues>
27 verbose exit [ 1, true ]
